<?xml version="1.0" encoding="UTF-8"?>
<testng-results total="1" passed="1" failed="0" skipped="0">
  <reporter-output>
  </reporter-output>
  <suite started-at="2021-09-08T19:46:46Z" name="testRunner.TestNGRunner" finished-at="2021-09-08T19:47:21Z" duration-ms="35330">
    <groups>
      <group name="Cucumber">
        <method signature="TestNGRunner.scenario(io.cucumber.testng.PickleEventWrapper, io.cucumber.testng.CucumberFeatureWrapper)[pri:0, instance:testRunner.TestNGRunner@22eeefeb]" name="scenario" class="testRunner.TestNGRunner"/>
      </group> <!-- Cucumber -->
    </groups>
    <test started-at="2021-09-08T19:46:46Z" name="Command line test" finished-at="2021-09-08T19:47:21Z" duration-ms="35330">
      <class name="testRunner.TestNGRunner">
        <test-method is-config="true" signature="setUpClass()[pri:0, instance:testRunner.TestNGRunner@22eeefeb]" started-at="2021-09-09T01:16:46Z" name="setUpClass" finished-at="2021-09-09T01:16:46Z" duration-ms="135" status="PASS">
          <reporter-output>
          </reporter-output>
        </test-method> <!-- setUpClass -->
        <test-method signature="scenario(io.cucumber.testng.PickleEventWrapper, io.cucumber.testng.CucumberFeatureWrapper)[pri:0, instance:testRunner.TestNGRunner@22eeefeb]" started-at="2021-09-09T01:16:46Z" name="scenario" description="Runs Cucumber Feature" data-provider="scenarios" finished-at="2021-09-09T01:17:21Z" duration-ms="35139" status="PASS">
          <params>
            <param index="0">
              <value>
                <![CDATA["Luminar Project Conversion"]]>
              </value>
            </param>
            <param index="1">
              <value>
                <![CDATA["Luminar Project"]]>
              </value>
            </param>
          </params>
          <reporter-output>
          </reporter-output>
        </test-method> <!-- scenario -->
      </class> <!-- testRunner.TestNGRunner -->
    </test> <!-- Command line test -->
  </suite> <!-- testRunner.TestNGRunner -->
</testng-results>
