<?xml version="1.0" encoding="UTF-8"?>
<testng-results total="1" passed="1" failed="0" skipped="0">
  <reporter-output>
  </reporter-output>
  <suite started-at="2021-09-08T20:01:57Z" name="Default suite" finished-at="2021-09-08T20:02:29Z" duration-ms="32232">
    <groups>
      <group name="Cucumber">
        <method signature="TestNGRunner.scenario(io.cucumber.testng.PickleEventWrapper, io.cucumber.testng.CucumberFeatureWrapper)[pri:0, instance:testRunner.TestNGRunner@1530c739]" name="scenario" class="testRunner.TestNGRunner"/>
      </group> <!-- Cucumber -->
    </groups>
    <test started-at="2021-09-08T20:01:57Z" name="Default test" finished-at="2021-09-08T20:02:29Z" duration-ms="32232">
      <class name="testRunner.TestNGRunner">
        <test-method is-config="true" signature="setUpClass()[pri:0, instance:testRunner.TestNGRunner@1530c739]" started-at="2021-09-09T01:31:57Z" name="setUpClass" finished-at="2021-09-09T01:31:57Z" duration-ms="132" status="PASS">
          <reporter-output>
          </reporter-output>
        </test-method> <!-- setUpClass -->
        <test-method signature="scenario(io.cucumber.testng.PickleEventWrapper, io.cucumber.testng.CucumberFeatureWrapper)[pri:0, instance:testRunner.TestNGRunner@1530c739]" started-at="2021-09-09T01:31:57Z" name="scenario" description="Runs Cucumber Feature" data-provider="scenarios" finished-at="2021-09-09T01:32:29Z" duration-ms="32069" status="PASS">
          <params>
            <param index="0">
              <value>
                <![CDATA["Luminar Project Conversion"]]>
              </value>
            </param>
            <param index="1">
              <value>
                <![CDATA["Luminar Project"]]>
              </value>
            </param>
          </params>
          <reporter-output>
          </reporter-output>
        </test-method> <!-- scenario -->
      </class> <!-- testRunner.TestNGRunner -->
    </test> <!-- Default test -->
  </suite> <!-- Default suite -->
</testng-results>
